<?xml version="1.0" encoding="UTF-8"?>
<!-- Generated by org.testng.reporters.JUnitReportReporter -->
<testsuite hostname="DESKTOP-DC3TDDU" failures="0" tests="1" name="AAA_DDD.Test2_login" time="6.315" errors="0" timestamp="2021-09-16T09:48:58 IST" skipped="0">
  <testcase classname="AAA_DDD.Test2_login" name="Test2Login" time="6.315"/>
  <system-out/>
</testsuite> <!-- AAA_DDD.Test2_login -->
