<?xml version="1.0" encoding="UTF-8"?>
<!-- Generated by org.testng.reporters.JUnitReportReporter -->
<testsuite hostname="TYNP-54" failures="0" tests="1" name="Day_008_Emailable_Report.TestExample1" time="9.885" errors="0" timestamp="2021-09-30T21:16:27 IST" skipped="0">
  <testcase classname="Day_008_Emailable_Report.TestExample1" name="Test2" time="9.885"/>
  <system-out>
    <![CDATA[Pass- open Orangehrm1
Pass- Enter User Name1
Pass- Enter Password1
Pass- Click on Signin1]]>
  </system-out>
</testsuite> <!-- Day_008_Emailable_Report.TestExample1 -->
