<?xml version="1.0" encoding="UTF-8"?>
<!-- Generated by org.testng.reporters.JUnitReportReporter -->
<testsuite hostname="DESKTOP-K8ENVKQ" failures="0" tests="1" name="Day_011_Katalon_Recorder.TC01_login" time="15.468" errors="0" timestamp="2021-09-27T23:50:34 IST" skipped="0">
  <testcase classname="Day_011_Katalon_Recorder.TC01_login" name="testTC01" time="15.468"/>
  <system-out/>
</testsuite> <!-- Day_011_Katalon_Recorder.TC01_login -->
