<?xml version="1.0" encoding="UTF-8"?>
<!-- Generated by org.testng.reporters.JUnitReportReporter -->
<testsuite hostname="DESKTOP-K8ENVKQ" failures="0" tests="1" name="Day_003_Locators.TC08_tagName" time="6.539" errors="0" timestamp="2021-09-22T14:34:50 IST" skipped="0">
  <testcase classname="Day_003_Locators.TC08_tagName" name="Test2" time="6.539"/>
  <system-out/>
</testsuite> <!-- Day_003_Locators.TC08_tagName -->
