<?xml version="1.0" encoding="UTF-8"?>
<!-- Generated by org.testng.reporters.JUnitReportReporter -->
<testsuite hostname="DESKTOP-K8ENVKQ" failures="0" tests="1" name="A1_Day01.TC01_Add_jobs_Methods" time="21.302" errors="0" timestamp="2021-09-21T16:17:00 IST" skipped="0">
  <testcase classname="A1_Day01.TC01_Add_jobs_Methods" name="Add_jobs_Test" time="21.302"/>
  <system-out/>
</testsuite> <!-- A1_Day01.TC01_Add_jobs_Methods -->
