<?xml version="1.0" encoding="UTF-8"?>
<!-- Generated by org.testng.reporters.JUnitReportReporter -->
<testsuite hostname="DESKTOP-K8ENVKQ" failures="0" tests="1" name="Day_003_Locators.TC02_name" time="11.418" errors="0" timestamp="2021-09-22T14:32:47 IST" skipped="0">
  <testcase classname="Day_003_Locators.TC02_name" name="Test2" time="11.418"/>
  <system-out/>
</testsuite> <!-- Day_003_Locators.TC02_name -->
