<?xml version="1.0" encoding="UTF-8"?>
<!-- Generated by org.testng.reporters.JUnitReportReporter -->
<testsuite hostname="DESKTOP-K8ENVKQ" failures="0" tests="1" name="Day_002_Java.TC02_Login_NonStatic_Example" time="15.995" errors="0" timestamp="2021-09-21T21:10:15 IST" skipped="0">
  <testcase classname="Day_002_Java.TC02_Login_NonStatic_Example" name="Login_Test" time="15.995"/>
  <system-out/>
</testsuite> <!-- Day_002_Java.TC02_Login_NonStatic_Example -->
