<?xml version="1.0" encoding="UTF-8"?>
<!-- Generated by org.testng.reporters.JUnitReportReporter -->
<testsuite hostname="DESKTOP-K8ENVKQ" failures="0" tests="1" name="AAA_Day1.Test2_Login" time="16.414" errors="0" timestamp="2021-09-21T16:17:37 IST" skipped="0">
  <testcase classname="AAA_Day1.Test2_Login" name="LoginTest" time="16.414"/>
  <system-out/>
</testsuite> <!-- AAA_Day1.Test2_Login -->
