<?xml version="1.0" encoding="UTF-8"?>
<!-- Generated by org.testng.reporters.JUnitReportReporter -->
<testsuite hostname="DESKTOP-K8ENVKQ" failures="0" tests="1" name="AAA_Day1.Test3_Login" time="16.690" errors="0" timestamp="2021-09-21T17:54:51 IST" skipped="0">
  <testcase classname="AAA_Day1.Test3_Login" name="LoginTest" time="16.690"/>
  <system-out/>
</testsuite> <!-- AAA_Day1.Test3_Login -->
