<?xml version="1.0" encoding="UTF-8"?>
<!-- Generated by org.testng.reporters.JUnitReportReporter -->
<testsuite hostname="DESKTOP-K8ENVKQ" failures="0" tests="2" name="Day_005_TestNG_DataProvider_Lab1.TC03_Login_Static_Paarameters2" time="39.941" errors="0" timestamp="2021-09-23T20:43:20 IST" skipped="0">
  <testcase classname="Day_005_TestNG_DataProvider_Lab1.TC03_Login_Static_Paarameters2" name="Login_Test" time="21.653"/>
  <system-out/>
  <testcase classname="Day_005_TestNG_DataProvider_Lab1.TC03_Login_Static_Paarameters2" name="Login_Test" time="18.288"/>
  <system-out/>
</testsuite> <!-- Day_005_TestNG_DataProvider_Lab1.TC03_Login_Static_Paarameters2 -->
