<?xml version="1.0" encoding="UTF-8"?>
<!-- Generated by org.testng.reporters.JUnitReportReporter -->
<testsuite hostname="DESKTOP-DC3TDDU" failures="0" tests="1" name="AAAA_Day3.TC01_Add_Jobs" time="30.956" errors="0" timestamp="2021-09-17T09:46:30 IST" skipped="0">
  <testcase classname="AAAA_Day3.TC01_Add_Jobs" name="skillsTest" time="30.956"/>
  <system-out/>
</testsuite> <!-- AAAA_Day3.TC01_Add_Jobs -->
