<?xml version="1.0" encoding="UTF-8"?>
<!-- Generated by org.testng.reporters.JUnitReportReporter -->
<testsuite hostname="DESKTOP-K8ENVKQ" failures="0" tests="1" name="Day_002_Java.TC04_Login_NonStatic" time="24.028" errors="0" timestamp="2021-09-21T17:57:15 IST" skipped="0">
  <testcase classname="Day_002_Java.TC04_Login_NonStatic" name="Login_Test" time="24.028"/>
  <system-out/>
</testsuite> <!-- Day_002_Java.TC04_Login_NonStatic -->
