<?xml version="1.0" encoding="UTF-8"?>
<!-- Generated by org.testng.reporters.JUnitReportReporter -->
<testsuite hostname="DESKTOP-DC3TDDU" failures="0" tests="1" name="AAAA_Day3.TC01_Add_Jobs2" time="21.077" errors="0" timestamp="2021-09-17T10:01:22 IST" skipped="0">
  <testcase classname="AAAA_Day3.TC01_Add_Jobs2" name="JobsTest" time="21.077"/>
  <system-out/>
</testsuite> <!-- AAAA_Day3.TC01_Add_Jobs2 -->
