<?xml version="1.0" encoding="UTF-8"?>
<!-- Generated by org.testng.reporters.JUnitReportReporter -->
<testsuite hostname="TYNP-54" failures="0" tests="3" name="Day_013_TestNG_Paraneters1.BrowserTesting_DataProvider3" time="29.001" errors="0" timestamp="2021-09-30T17:54:52 IST" skipped="0">
  <testcase classname="Day_013_TestNG_Paraneters1.BrowserTesting_DataProvider3" name="Test3" time="5.531"/>
  <system-out>
    <![CDATA[<table> <tr >  <img   style="border:1px solid black;"      src="C:\HTML Report\HtmlTemplates\Logo.JPEG"></tr><tr   ><center><font color="red"  size="15" >TC01_Nationality_Iterration_3</font></center></tr><tr bgcolor="#9370DB"> <th width="100px"> <center><font color="white"  size="4" >Steps</font></center><font color="white"  size="4" ></font></center> </th> <th width="450px" ><center><font color="white"  size="4" >Details </font> </center></th> <th width="100px" ><center><font color="white"  size="4" >Status</font></center></th>  <th  width="250px"  ><center><font color="white"  size="4" >Screen Shots</font></center></th> <th width="250px"  ><center><font color="white"  size="4" >Date & Time</font></center></th>  </tr>       
 <tr bgcolor="#eee"> <th width="100px"> <center>Step&nbsp;1</center> </th> <th width="450px" ><center><b><font color='black'>   Clicked on Admin </b> </font></center></th> <th width="100px" ><center><img src='file:///C:\HTML Report\HtmlTemplates\passed.ico'    +     "width="30" + height="30"></img></center></th>  <th  width="250px"  ><center><a href=C:/HTML Report/test-output/TempScreenShots/TC01_Nationality_Iterration_3_2021_Sep_30_5_54_46_302_PM/30_Sep_2021 5_54_46_357 PM.png target="popup" onclick="window.open('C:/HTML Report/test-output/TempScreenShots/TC01_Nationality_Iterration_3_2021_Sep_30_5_54_46_302_PM/30_Sep_2021 5_54_46_357 PM.png','popup','width=600,height=600'); return false;"> ScreenShot</a> </center></th> <th width="250px"  ><center>2021_Sep_30_5_54_46_505_PM</center></th>  </tr>      
 <tr bgcolor="#ddd"> <th width="100px"> <center>Step&nbsp;2</center> </th> <th width="450px" ><center><b><font color='black'>   Clicked on Nationality </b> </font></center></th> <th width="100px" ><center><img src='file:///C:\HTML Report\HtmlTemplates\passed.ico'    +     "width="30" + height="30"></img></center></th>  <th  width="250px"  ><center><a href=C:/HTML Report/test-output/TempScreenShots/TC01_Nationality_Iterration_3_2021_Sep_30_5_54_46_302_PM/30_Sep_2021 5_54_48_119 PM.png target="popup" onclick="window.open('C:/HTML Report/test-output/TempScreenShots/TC01_Nationality_Iterration_3_2021_Sep_30_5_54_46_302_PM/30_Sep_2021 5_54_48_119 PM.png','popup','width=600,height=600'); return false;"> ScreenShot</a> </center></th> <th width="250px"  ><center>2021_Sep_30_5_54_48_303_PM</center></th>  </tr>      
 <tr bgcolor="#eee"> <th width="100px"> <center>Step&nbsp;3</center> </th> <th width="450px" ><center><b><font color='black'>   Clicked on Nationality Add </b> </font></center></th> <th width="100px" ><center><img src='file:///C:\HTML Report\HtmlTemplates\passed.ico'    +     "width="30" + height="30"></img></center></th>  <th  width="250px"  ><center><a href=C:/HTML Report/test-output/TempScreenShots/TC01_Nationality_Iterration_3_2021_Sep_30_5_54_46_302_PM/30_Sep_2021 5_54_49_362 PM.png target="popup" onclick="window.open('C:/HTML Report/test-output/TempScreenShots/TC01_Nationality_Iterration_3_2021_Sep_30_5_54_46_302_PM/30_Sep_2021 5_54_49_362 PM.png','popup','width=600,height=600'); return false;"> ScreenShot</a> </center></th> <th width="250px"  ><center>2021_Sep_30_5_54_49_582_PM</center></th>  </tr>      
 <tr bgcolor="#ddd"> <th width="100px"> <center>Step&nbsp;4</center> </th> <th width="450px" ><center><b><font color='black'>   Entered Nationality Text</b> </font></center></th> <th width="100px" ><center><img src='file:///C:\HTML Report\HtmlTemplates\passed.ico'    +     "width="30" + height="30"></img></center></th>  <th  width="250px"  ><center><a href=C:/HTML Report/test-output/TempScreenShots/TC01_Nationality_Iterration_3_2021_Sep_30_5_54_46_302_PM/30_Sep_2021 5_54_49_728 PM.png target="popup" onclick="window.open('C:/HTML Report/test-output/TempScreenShots/TC01_Nationality_Iterration_3_2021_Sep_30_5_54_46_302_PM/30_Sep_2021 5_54_49_728 PM.png','popup','width=600,height=600'); return false;"> ScreenShot</a> </center></th> <th width="250px"  ><center>2021_Sep_30_5_54_49_896_PM</center></th>  </tr>      
 <tr bgcolor="#eee"> <th width="100px"> <center>Step&nbsp;5</center> </th> <th width="450px" ><center><b><font color='black'>   Clicked on Nationality Save</b> </font></center></th> <th width="100px" ><center><img src='file:///C:\HTML Report\HtmlTemplates\passed.ico'    +     "width="30" + height="30"></img></center></th>  <th  width="250px"  ><center><a href=C:/HTML Report/test-output/TempScreenShots/TC01_Nationality_Iterration_3_2021_Sep_30_5_54_46_302_PM/30_Sep_2021 5_54_51_323 PM.png target="popup" onclick="window.open('C:/HTML Report/test-output/TempScreenShots/TC01_Nationality_Iterration_3_2021_Sep_30_5_54_46_302_PM/30_Sep_2021 5_54_51_323 PM.png','popup','width=600,height=600'); return false;"> ScreenShot</a> </center></th> <th width="250px"  ><center>2021_Sep_30_5_54_51_545_PM</center></th>  </tr>      
 <tr bgcolor="#ddd"> <th width="100px"> <center>Step&nbsp;6</center> </th> <th width="450px" ><center><b><font color='black'>   Scroll Nationality </b> </font></center></th> <th width="100px" ><center><img src='file:///C:\HTML Report\HtmlTemplates\passed.ico'    +     "width="30" + height="30"></img></center></th>  <th  width="250px"  ><center><a href=C:/HTML Report/test-output/TempScreenShots/TC01_Nationality_Iterration_3_2021_Sep_30_5_54_46_302_PM/30_Sep_2021 5_54_51_676 PM.png target="popup" onclick="window.open('C:/HTML Report/test-output/TempScreenShots/TC01_Nationality_Iterration_3_2021_Sep_30_5_54_46_302_PM/30_Sep_2021 5_54_51_676 PM.png','popup','width=600,height=600'); return false;"> ScreenShot</a> </center></th> <th width="250px"  ><center>2021_Sep_30_5_54_51_830_PM</center></th>  </tr>      ]]>
  </system-out>
  <testcase classname="Day_013_TestNG_Paraneters1.BrowserTesting_DataProvider3" name="Test3" time="17.770"/>
  <system-out>
    <![CDATA[<table> <tr >  <img   style="border:1px solid black;"      src="C:\HTML Report\HtmlTemplates\Logo.JPEG"></tr><tr   ><center><font color="red"  size="15" >TC01_Nationality_Iterration_1</font></center></tr><tr bgcolor="#9370DB"> <th width="100px"> <center><font color="white"  size="4" >Steps</font></center><font color="white"  size="4" ></font></center> </th> <th width="450px" ><center><font color="white"  size="4" >Details </font> </center></th> <th width="100px" ><center><font color="white"  size="4" >Status</font></center></th>  <th  width="250px"  ><center><font color="white"  size="4" >Screen Shots</font></center></th> <th width="250px"  ><center><font color="white"  size="4" >Date & Time</font></center></th>  </tr>       
 <tr bgcolor="#eee"> <th width="100px"> <center>Step&nbsp;1</center> </th> <th width="450px" ><center><b><font color='black'>   Open chrome Browser and URL </b> </font></center></th> <th width="100px" ><center><img src='file:///C:\HTML Report\HtmlTemplates\passed.ico'    +     "width="30" + height="30"></img></center></th>  <th  width="250px"  ><center><a href=C:/HTML Report/test-output/TempScreenShots/TC01_Nationality_Iterration_1_2021_Sep_30_5_54_22_844_PM/30_Sep_2021 5_54_27_140 PM.png target="popup" onclick="window.open('C:/HTML Report/test-output/TempScreenShots/TC01_Nationality_Iterration_1_2021_Sep_30_5_54_22_844_PM/30_Sep_2021 5_54_27_140 PM.png','popup','width=600,height=600'); return false;"> ScreenShot</a> </center></th> <th width="250px"  ><center>2021_Sep_30_5_54_27_524_PM</center></th>  </tr>      
 <tr bgcolor="#ddd"> <th width="100px"> <center>Step&nbsp;2</center> </th> <th width="450px" ><center><b><font color='black'>   UserName Entered</b> </font></center></th> <th width="100px" ><center><img src='file:///C:\HTML Report\HtmlTemplates\passed.ico'    +     "width="30" + height="30"></img></center></th>  <th  width="250px"  ><center><a href=C:/HTML Report/test-output/TempScreenShots/TC01_Nationality_Iterration_1_2021_Sep_30_5_54_22_844_PM/30_Sep_2021 5_54_27_684 PM.png target="popup" onclick="window.open('C:/HTML Report/test-output/TempScreenShots/TC01_Nationality_Iterration_1_2021_Sep_30_5_54_22_844_PM/30_Sep_2021 5_54_27_684 PM.png','popup','width=600,height=600'); return false;"> ScreenShot</a> </center></th> <th width="250px"  ><center>2021_Sep_30_5_54_27_925_PM</center></th>  </tr>      
 <tr bgcolor="#eee"> <th width="100px"> <center>Step&nbsp;3</center> </th> <th width="450px" ><center><b><font color='black'>   Password Entered</b> </font></center></th> <th width="100px" ><center><img src='file:///C:\HTML Report\HtmlTemplates\passed.ico'    +     "width="30" + height="30"></img></center></th>  <th  width="250px"  ><center><a href=C:/HTML Report/test-output/TempScreenShots/TC01_Nationality_Iterration_1_2021_Sep_30_5_54_22_844_PM/30_Sep_2021 5_54_28_065 PM.png target="popup" onclick="window.open('C:/HTML Report/test-output/TempScreenShots/TC01_Nationality_Iterration_1_2021_Sep_30_5_54_22_844_PM/30_Sep_2021 5_54_28_065 PM.png','popup','width=600,height=600'); return false;"> ScreenShot</a> </center></th> <th width="250px"  ><center>2021_Sep_30_5_54_28_327_PM</center></th>  </tr>      
 <tr bgcolor="#ddd"> <th width="100px"> <center>Step&nbsp;4</center> </th> <th width="450px" ><center><b><font color='black'>   Sign In  Clicked</b> </font></center></th> <th width="100px" ><center><img src='file:///C:\HTML Report\HtmlTemplates\passed.ico'    +     "width="30" + height="30"></img></center></th>  <th  width="250px"  ><center><a href=C:/HTML Report/test-output/TempScreenShots/TC01_Nationality_Iterration_1_2021_Sep_30_5_54_22_844_PM/30_Sep_2021 5_54_33_270 PM.png target="popup" onclick="window.open('C:/HTML Report/test-output/TempScreenShots/TC01_Nationality_Iterration_1_2021_Sep_30_5_54_22_844_PM/30_Sep_2021 5_54_33_270 PM.png','popup','width=600,height=600'); return false;"> ScreenShot</a> </center></th> <th width="250px"  ><center>2021_Sep_30_5_54_33_470_PM</center></th>  </tr>      
 <tr bgcolor="#eee"> <th width="100px"> <center>Step&nbsp;5</center> </th> <th width="450px" ><center><b><font color='black'>   Clicked on Admin </b> </font></center></th> <th width="100px" ><center><img src='file:///C:\HTML Report\HtmlTemplates\passed.ico'    +     "width="30" + height="30"></img></center></th>  <th  width="250px"  ><center><a href=C:/HTML Report/test-output/TempScreenShots/TC01_Nationality_Iterration_1_2021_Sep_30_5_54_22_844_PM/30_Sep_2021 5_54_33_538 PM.png target="popup" onclick="window.open('C:/HTML Report/test-output/TempScreenShots/TC01_Nationality_Iterration_1_2021_Sep_30_5_54_22_844_PM/30_Sep_2021 5_54_33_538 PM.png','popup','width=600,height=600'); return false;"> ScreenShot</a> </center></th> <th width="250px"  ><center>2021_Sep_30_5_54_33_719_PM</center></th>  </tr>      
 <tr bgcolor="#ddd"> <th width="100px"> <center>Step&nbsp;6</center> </th> <th width="450px" ><center><b><font color='black'>   Clicked on Nationality </b> </font></center></th> <th width="100px" ><center><img src='file:///C:\HTML Report\HtmlTemplates\passed.ico'    +     "width="30" + height="30"></img></center></th>  <th  width="250px"  ><center><a href=C:/HTML Report/test-output/TempScreenShots/TC01_Nationality_Iterration_1_2021_Sep_30_5_54_22_844_PM/30_Sep_2021 5_54_36_184 PM.png target="popup" onclick="window.open('C:/HTML Report/test-output/TempScreenShots/TC01_Nationality_Iterration_1_2021_Sep_30_5_54_22_844_PM/30_Sep_2021 5_54_36_184 PM.png','popup','width=600,height=600'); return false;"> ScreenShot</a> </center></th> <th width="250px"  ><center>2021_Sep_30_5_54_36_365_PM</center></th>  </tr>      
 <tr bgcolor="#eee"> <th width="100px"> <center>Step&nbsp;7</center> </th> <th width="450px" ><center><b><font color='black'>   Clicked on Nationality Add </b> </font></center></th> <th width="100px" ><center><img src='file:///C:\HTML Report\HtmlTemplates\passed.ico'    +     "width="30" + height="30"></img></center></th>  <th  width="250px"  ><center><a href=C:/HTML Report/test-output/TempScreenShots/TC01_Nationality_Iterration_1_2021_Sep_30_5_54_22_844_PM/30_Sep_2021 5_54_37_910 PM.png target="popup" onclick="window.open('C:/HTML Report/test-output/TempScreenShots/TC01_Nationality_Iterration_1_2021_Sep_30_5_54_22_844_PM/30_Sep_2021 5_54_37_910 PM.png','popup','width=600,height=600'); return false;"> ScreenShot</a> </center></th> <th width="250px"  ><center>2021_Sep_30_5_54_38_087_PM</center></th>  </tr>      
 <tr bgcolor="#ddd"> <th width="100px"> <center>Step&nbsp;8</center> </th> <th width="450px" ><center><b><font color='black'>   Entered Nationality Text</b> </font></center></th> <th width="100px" ><center><img src='file:///C:\HTML Report\HtmlTemplates\passed.ico'    +     "width="30" + height="30"></img></center></th>  <th  width="250px"  ><center><a href=C:/HTML Report/test-output/TempScreenShots/TC01_Nationality_Iterration_1_2021_Sep_30_5_54_22_844_PM/30_Sep_2021 5_54_38_263 PM.png target="popup" onclick="window.open('C:/HTML Report/test-output/TempScreenShots/TC01_Nationality_Iterration_1_2021_Sep_30_5_54_22_844_PM/30_Sep_2021 5_54_38_263 PM.png','popup','width=600,height=600'); return false;"> ScreenShot</a> </center></th> <th width="250px"  ><center>2021_Sep_30_5_54_38_457_PM</center></th>  </tr>      
 <tr bgcolor="#eee"> <th width="100px"> <center>Step&nbsp;9</center> </th> <th width="450px" ><center><b><font color='black'>   Clicked on Nationality Save</b> </font></center></th> <th width="100px" ><center><img src='file:///C:\HTML Report\HtmlTemplates\passed.ico'    +     "width="30" + height="30"></img></center></th>  <th  width="250px"  ><center><a href=C:/HTML Report/test-output/TempScreenShots/TC01_Nationality_Iterration_1_2021_Sep_30_5_54_22_844_PM/30_Sep_2021 5_54_40_064 PM.png target="popup" onclick="window.open('C:/HTML Report/test-output/TempScreenShots/TC01_Nationality_Iterration_1_2021_Sep_30_5_54_22_844_PM/30_Sep_2021 5_54_40_064 PM.png','popup','width=600,height=600'); return false;"> ScreenShot</a> </center></th> <th width="250px"  ><center>2021_Sep_30_5_54_40_308_PM</center></th>  </tr>      
 <tr bgcolor="#ddd"> <th width="100px"> <center>Step&nbsp;10</center> </th> <th width="450px" ><center><b><font color='black'>   Scroll Nationality </b> </font></center></th> <th width="100px" ><center><img src='file:///C:\HTML Report\HtmlTemplates\passed.ico'    +     "width="30" + height="30"></img></center></th>  <th  width="250px"  ><center><a href=C:/HTML Report/test-output/TempScreenShots/TC01_Nationality_Iterration_1_2021_Sep_30_5_54_22_844_PM/30_Sep_2021 5_54_40_440 PM.png target="popup" onclick="window.open('C:/HTML Report/test-output/TempScreenShots/TC01_Nationality_Iterration_1_2021_Sep_30_5_54_22_844_PM/30_Sep_2021 5_54_40_440 PM.png','popup','width=600,height=600'); return false;"> ScreenShot</a> </center></th> <th width="250px"  ><center>2021_Sep_30_5_54_40_591_PM</center></th>  </tr>      ]]>
  </system-out>
  <testcase classname="Day_013_TestNG_Paraneters1.BrowserTesting_DataProvider3" name="Test3" time="5.700"/>
  <system-out>
    <![CDATA[<table> <tr >  <img   style="border:1px solid black;"      src="C:\HTML Report\HtmlTemplates\Logo.JPEG"></tr><tr   ><center><font color="red"  size="15" >TC01_Nationality_Iterration_2</font></center></tr><tr bgcolor="#9370DB"> <th width="100px"> <center><font color="white"  size="4" >Steps</font></center><font color="white"  size="4" ></font></center> </th> <th width="450px" ><center><font color="white"  size="4" >Details </font> </center></th> <th width="100px" ><center><font color="white"  size="4" >Status</font></center></th>  <th  width="250px"  ><center><font color="white"  size="4" >Screen Shots</font></center></th> <th width="250px"  ><center><font color="white"  size="4" >Date & Time</font></center></th>  </tr>       
 <tr bgcolor="#eee"> <th width="100px"> <center>Step&nbsp;1</center> </th> <th width="450px" ><center><b><font color='black'>   Clicked on Admin </b> </font></center></th> <th width="100px" ><center><img src='file:///C:\HTML Report\HtmlTemplates\passed.ico'    +     "width="30" + height="30"></img></center></th>  <th  width="250px"  ><center><a href=C:/HTML Report/test-output/TempScreenShots/TC01_Nationality_Iterration_2_2021_Sep_30_5_54_40_599_PM/30_Sep_2021 5_54_40_648 PM.png target="popup" onclick="window.open('C:/HTML Report/test-output/TempScreenShots/TC01_Nationality_Iterration_2_2021_Sep_30_5_54_40_599_PM/30_Sep_2021 5_54_40_648 PM.png','popup','width=600,height=600'); return false;"> ScreenShot</a> </center></th> <th width="250px"  ><center>2021_Sep_30_5_54_40_808_PM</center></th>  </tr>      
 <tr bgcolor="#ddd"> <th width="100px"> <center>Step&nbsp;2</center> </th> <th width="450px" ><center><b><font color='black'>   Clicked on Nationality </b> </font></center></th> <th width="100px" ><center><img src='file:///C:\HTML Report\HtmlTemplates\passed.ico'    +     "width="30" + height="30"></img></center></th>  <th  width="250px"  ><center><a href=C:/HTML Report/test-output/TempScreenShots/TC01_Nationality_Iterration_2_2021_Sep_30_5_54_40_599_PM/30_Sep_2021 5_54_42_342 PM.png target="popup" onclick="window.open('C:/HTML Report/test-output/TempScreenShots/TC01_Nationality_Iterration_2_2021_Sep_30_5_54_40_599_PM/30_Sep_2021 5_54_42_342 PM.png','popup','width=600,height=600'); return false;"> ScreenShot</a> </center></th> <th width="250px"  ><center>2021_Sep_30_5_54_42_558_PM</center></th>  </tr>      
 <tr bgcolor="#eee"> <th width="100px"> <center>Step&nbsp;3</center> </th> <th width="450px" ><center><b><font color='black'>   Clicked on Nationality Add </b> </font></center></th> <th width="100px" ><center><img src='file:///C:\HTML Report\HtmlTemplates\passed.ico'    +     "width="30" + height="30"></img></center></th>  <th  width="250px"  ><center><a href=C:/HTML Report/test-output/TempScreenShots/TC01_Nationality_Iterration_2_2021_Sep_30_5_54_40_599_PM/30_Sep_2021 5_54_43_721 PM.png target="popup" onclick="window.open('C:/HTML Report/test-output/TempScreenShots/TC01_Nationality_Iterration_2_2021_Sep_30_5_54_40_599_PM/30_Sep_2021 5_54_43_721 PM.png','popup','width=600,height=600'); return false;"> ScreenShot</a> </center></th> <th width="250px"  ><center>2021_Sep_30_5_54_43_875_PM</center></th>  </tr>      
 <tr bgcolor="#ddd"> <th width="100px"> <center>Step&nbsp;4</center> </th> <th width="450px" ><center><b><font color='black'>   Entered Nationality Text</b> </font></center></th> <th width="100px" ><center><img src='file:///C:\HTML Report\HtmlTemplates\passed.ico'    +     "width="30" + height="30"></img></center></th>  <th  width="250px"  ><center><a href=C:/HTML Report/test-output/TempScreenShots/TC01_Nationality_Iterration_2_2021_Sep_30_5_54_40_599_PM/30_Sep_2021 5_54_44_030 PM.png target="popup" onclick="window.open('C:/HTML Report/test-output/TempScreenShots/TC01_Nationality_Iterration_2_2021_Sep_30_5_54_40_599_PM/30_Sep_2021 5_54_44_030 PM.png','popup','width=600,height=600'); return false;"> ScreenShot</a> </center></th> <th width="250px"  ><center>2021_Sep_30_5_54_44_217_PM</center></th>  </tr>      
 <tr bgcolor="#eee"> <th width="100px"> <center>Step&nbsp;5</center> </th> <th width="450px" ><center><b><font color='black'>   Clicked on Nationality Save</b> </font></center></th> <th width="100px" ><center><img src='file:///C:\HTML Report\HtmlTemplates\passed.ico'    +     "width="30" + height="30"></img></center></th>  <th  width="250px"  ><center><a href=C:/HTML Report/test-output/TempScreenShots/TC01_Nationality_Iterration_2_2021_Sep_30_5_54_40_599_PM/30_Sep_2021 5_54_45_833 PM.png target="popup" onclick="window.open('C:/HTML Report/test-output/TempScreenShots/TC01_Nationality_Iterration_2_2021_Sep_30_5_54_40_599_PM/30_Sep_2021 5_54_45_833 PM.png','popup','width=600,height=600'); return false;"> ScreenShot</a> </center></th> <th width="250px"  ><center>2021_Sep_30_5_54_46_008_PM</center></th>  </tr>      
 <tr bgcolor="#ddd"> <th width="100px"> <center>Step&nbsp;6</center> </th> <th width="450px" ><center><b><font color='black'>   Scroll Nationality </b> </font></center></th> <th width="100px" ><center><img src='file:///C:\HTML Report\HtmlTemplates\passed.ico'    +     "width="30" + height="30"></img></center></th>  <th  width="250px"  ><center><a href=C:/HTML Report/test-output/TempScreenShots/TC01_Nationality_Iterration_2_2021_Sep_30_5_54_40_599_PM/30_Sep_2021 5_54_46_133 PM.png target="popup" onclick="window.open('C:/HTML Report/test-output/TempScreenShots/TC01_Nationality_Iterration_2_2021_Sep_30_5_54_40_599_PM/30_Sep_2021 5_54_46_133 PM.png','popup','width=600,height=600'); return false;"> ScreenShot</a> </center></th> <th width="250px"  ><center>2021_Sep_30_5_54_46_297_PM</center></th>  </tr>      ]]>
  </system-out>
</testsuite> <!-- Day_013_TestNG_Paraneters1.BrowserTesting_DataProvider3 -->
