<?xml version="1.0" encoding="UTF-8"?>
<!-- Generated by org.testng.reporters.JUnitReportReporter -->
<testsuite hostname="DESKTOP-DC3TDDU" failures="0" tests="1" name="AAA_DDD.Test1_Login" time="0.016" errors="0" timestamp="2021-09-16T09:30:42 IST" skipped="0">
  <testcase classname="AAA_DDD.Test1_Login" name="LoginTest" time="0.016"/>
  <system-out/>
</testsuite> <!-- AAA_DDD.Test1_Login -->
