<?xml version="1.0" encoding="UTF-8"?>
<!-- Generated by org.testng.reporters.JUnitReportReporter -->
<testsuite hostname="DESKTOP-K8ENVKQ" failures="0" tests="2" name="Day_005_TestNG_DataProvider_Lab1.OrangeHRM_DataProvider_Lab1" time="44.142" errors="0" timestamp="2021-09-27T12:07:31 IST" skipped="0">
  <testcase classname="Day_005_TestNG_DataProvider_Lab1.OrangeHRM_DataProvider_Lab1" name="Test1" time="20.621"/>
  <system-out/>
  <testcase classname="Day_005_TestNG_DataProvider_Lab1.OrangeHRM_DataProvider_Lab1" name="Test1" time="23.521"/>
  <system-out/>
</testsuite> <!-- Day_005_TestNG_DataProvider_Lab1.OrangeHRM_DataProvider_Lab1 -->
