<?xml version="1.0" encoding="UTF-8"?>
<!-- Generated by org.testng.reporters.JUnitReportReporter -->
<testsuite hostname="DESKTOP-DC3TDDU" failures="0" tests="1" name="AAAA_Day3.TC01_Add_Skills" time="19.206" errors="0" timestamp="2021-09-17T09:19:26 IST" skipped="0">
  <testcase classname="AAAA_Day3.TC01_Add_Skills" name="skillsTest" time="19.206"/>
  <system-out/>
</testsuite> <!-- AAAA_Day3.TC01_Add_Skills -->
