<?xml version="1.0" encoding="UTF-8"?>
<!-- Generated by org.testng.reporters.JUnitReportReporter -->
<testsuite hostname="TYNP-54" failures="0" tests="1" name="Day_029_PageObjectModel.TC01_Add_Customers" time="9.861" errors="0" timestamp="2021-10-05T17:22:24 IST" skipped="0">
  <testcase classname="Day_029_PageObjectModel.TC01_Add_Customers" name="Book_OneWay_Flight" time="9.861"/>
  <system-out/>
</testsuite> <!-- Day_029_PageObjectModel.TC01_Add_Customers -->
